<?xml version="1.0" encoding="UTF-8"?>
<testng-results ignored="0" total="2" passed="2" failed="0" skipped="0">
  <reporter-output>
  </reporter-output>
  <suite started-at="2023-06-26T10:30:41 IST" name="Default suite" finished-at="2023-06-26T10:30:41 IST" duration-ms="71">
    <groups>
    </groups>
    <test started-at="2023-06-26T10:30:41 IST" name="Default test" finished-at="2023-06-26T10:30:41 IST" duration-ms="71">
      <class name="Beginning.Class1">
        <test-method signature="star()[pri:0, instance:Beginning.Class1@2b91004a]" started-at="2023-06-26T10:30:41 IST" name="star" finished-at="2023-06-26T10:30:41 IST" duration-ms="12" status="PASS">
          <reporter-output>
          </reporter-output>
        </test-method> <!-- star -->
        <test-method signature="testPrimeNumer()[pri:0, instance:Beginning.Class1@2b91004a]" started-at="2023-06-26T10:30:41 IST" name="testPrimeNumer" finished-at="2023-06-26T10:30:41 IST" duration-ms="2" status="PASS">
          <reporter-output>
          </reporter-output>
        </test-method> <!-- testPrimeNumer -->
      </class> <!-- Beginning.Class1 -->
    </test> <!-- Default test -->
  </suite> <!-- Default suite -->
</testng-results>
